<?xml version="1.0" encoding="UTF-8"?>
<!-- Generated by org.testng.reporters.JUnitReportReporter -->
<testsuite hostname="DESKTOP-KFQU4PH" failures="0" tests="1" name="qaclickacademy.seleniumTest" time="0.018" errors="0" timestamp="2021-12-14T08:07:02 PST" skipped="0">
  <testcase classname="qaclickacademy.seleniumTest" name="elementsUi" time="0.018"/>
  <system-out/>
</testsuite> <!-- qaclickacademy.seleniumTest -->
